#
# A fatal error has been detected by the Java Runtime Environment:
#
#  EXCEPTION_ACCESS_VIOLATION (0xc0000005) at pc=0x00007ffa87eb7b30, pid=5144, tid=460
#
# JRE version: Java(TM) SE Runtime Environment (9.0+11) (build 9.0.1+11)
# Java VM: Java HotSpot(TM) 64-Bit Server VM (9.0.1+11, mixed mode, tiered, compressed oops, g1 gc, windows-amd64)
# Problematic frame:
# C  [glass.dll+0x27b30]
#
# No core dump will be written. Minidumps are not enabled by default on client versions of Windows
#
# If you would like to submit a bug report, please visit:
#   http://bugreport.java.com/bugreport/crash.jsp
#

---------------  S U M M A R Y ------------

Command Line: -javaagent:E:\IntelliJ IDEA 2017.2.5\lib\idea_rt.jar=59638:E:\IntelliJ IDEA 2017.2.5\bin -Dfile.encoding=UTF-8 sample.Main

Host: Intel(R) Core(TM) i7-7700HQ CPU @ 2.80GHz, 8 cores, 7G,  Windows 10 , 64 bit Build 16299 (10.0.16299.15)
Time: Tue Jan 02 16:15:05 2018 GTB Standard Time elapsed time: 13 seconds (0d 0h 0m 13s)

---------------  T H R E A D  ---------------

Current thread (0x00000165ffa93800):  VMThread "VM Thread" [stack: 0x000000588c300000,0x000000588c400000] [id=460]

Stack: [0x000000588c300000,0x000000588c400000],  sp=0x000000588c3ff2b0,  free space=1020k
Native frames: (J=compiled Java code, j=interpreted, Vv=VM code, C=native code)
C  [glass.dll+0x27b30]
C  [ucrtbase.dll+0x185f3]
C  [ucrtbase.dll+0xd157]
C  [ucrtbase.dll+0x116ee]
C  [glass.dll+0x249f2]
C  [glass.dll+0x24af0]
C  [ntdll.dll+0x11473]
C  [ntdll.dll+0x40695]
C  [ntdll.dll+0x40554]
C  [KERNEL32.DLL+0xf06a]
C  [msvcr120.dll+0x229a7]
V  [jvm.dll+0x581c97]
V  [jvm.dll+0x6a34eb]
V  [jvm.dll+0x6a1c85]
V  [jvm.dll+0x6a2461]
V  [jvm.dll+0x6a274c]
V  [jvm.dll+0x5864e0]
C  [msvcr120.dll+0x24f7f]
C  [msvcr120.dll+0x25126]
C  [KERNEL32.DLL+0x11fe4]
C  [ntdll.dll+0x6ef91]


siginfo: EXCEPTION_ACCESS_VIOLATION (0xc0000005), reading address 0x0000000000000000


Register to memory mapping:

RIP=0x00007ffa87eb7b30 glass.dll
RAX=0x0000000000000000 is an unknown value
RBX=0x0000016599b77c58 is a global jni handle
RCX=0x00000165ffa93800 is an unknown value
RDX=0x000000588c3ff2b0 is an unknown value
RSP=0x000000588c3ff2b0 is an unknown value
RBP=0x0000016599b659f8 is an unknown value
RSI=0x0000016599b659d0 is an unknown value
RDI=0x00001888534bf079 is an unknown value
R8 =0x0000000000010002 is an unknown value
R9 =0x0000000000000039 is an unknown value
R10=0x00001888534bf079 is an unknown value
R11=0x000000588c3ff1b0 is an unknown value
R12=0x0000000000000000 is an unknown value
R13=0x0000000000000040 is an unknown value
R14=0x000000588c3ff3c8 is an unknown value
R15=0x0000016599b659d0 is an unknown value


Registers:
RAX=0x0000000000000000, RBX=0x0000016599b77c58, RCX=0x00000165ffa93800, RDX=0x000000588c3ff2b0
RSP=0x000000588c3ff2b0, RBP=0x0000016599b659f8, RSI=0x0000016599b659d0, RDI=0x00001888534bf079
R8 =0x0000000000010002, R9 =0x0000000000000039, R10=0x00001888534bf079, R11=0x000000588c3ff1b0
R12=0x0000000000000000, R13=0x0000000000000040, R14=0x000000588c3ff3c8, R15=0x0000016599b659d0
RIP=0x00007ffa87eb7b30, EFLAGS=0x0000000000010202

Top of Stack: (sp=0x000000588c3ff2b0)
0x000000588c3ff2b0:   0000000000000000 00007ffab010d00b
0x000000588c3ff2c0:   0000016599b659e0 0000016599b659e0
0x000000588c3ff2d0:   fffffffffffffffe 0000016599b659f8
0x000000588c3ff2e0:   0000016599b659d8 00007ffab01185f3
0x000000588c3ff2f0:   00007ffa87ecd1a0 00007ffa00000000
0x000000588c3ff300:   0000000000000000 0000000000000000
0x000000588c3ff310:   fffffffffffffffe 0000000000000000
0x000000588c3ff320:   0000000000000001 00007ffa87e90000
0x000000588c3ff330:   0000000000000000 00007ffa87eb4b7c
0x000000588c3ff340:   000000588c3ff3b8 00007ffab010d157
0x000000588c3ff350:   0000000000000000 000000588c3ff3c8
0x000000588c3ff360:   00000165f53fbbc0 00007ffab01e70e0
0x000000588c3ff370:   0000000000000000 00007ffab01116ee
0x000000588c3ff380:   0000000000000000 0000000000000001
0x000000588c3ff390:   0000000000000001 000000588c3ff3b8
0x000000588c3ff3a0:   00007755c592fb91 00007ffa87eb49f2 

Instructions: (pc=0x00007ffa87eb7b30)
0x00007ffa87eb7b10:   40 53 48 83 ec 30 48 c7 44 24 20 fe ff ff ff 48
0x00007ffa87eb7b20:   8b 1d ea 7f 01 00 48 85 db 74 16 e8 20 81 ff ff
0x00007ffa87eb7b30:   4c 8b 00 48 8b d3 48 8b c8 41 ff 90 b0 00 00 00
0x00007ffa87eb7b40:   90 48 83 c4 30 5b c3 cc cc cc cc cc cc cc cc cc 


VM_Operation (0x000000588d4f6870): Exit, mode: safepoint, requested by thread 0x0000016599bad000


---------------  P R O C E S S  ---------------

Java Threads: ( => current thread )
  0x000001659a0db800 JavaThread "Prism Font Disposer" daemon [_thread_blocked, id=4884, stack(0x000000588de00000,0x000000588df00000)]
  0x00000165a12a0000 JavaThread "Java2D Disposer" daemon [_thread_blocked, id=984, stack(0x000000588da00000,0x000000588db00000)]
  0x0000016599cec800 JavaThread "JavaFX-Launcher" [_thread_blocked, id=12792, stack(0x000000588d900000,0x000000588da00000)]
  0x0000016599d17800 JavaThread "Thread-1" daemon [_thread_in_native, id=7936, stack(0x000000588d800000,0x000000588d900000)]
  0x0000016599bad000 JavaThread "JavaFX Application Thread" [_thread_blocked, id=11204, stack(0x000000588d400000,0x000000588d500000)]
  0x0000016599bac800 JavaThread "InvokeLaterDispatcher" daemon [_thread_blocked, id=12724, stack(0x000000588d300000,0x000000588d400000)]
  0x0000016599b90800 JavaThread "QuantumRenderer-0" daemon [_thread_blocked, id=13156, stack(0x000000588d100000,0x000000588d200000)]
  0x00000165998a5000 JavaThread "Service Thread" daemon [_thread_blocked, id=7236, stack(0x000000588cf00000,0x000000588d000000)]
  0x00000165998a2800 JavaThread "Monitor Ctrl-Break" daemon [_thread_in_native, id=6800, stack(0x000000588ce00000,0x000000588cf00000)]
  0x00000165ffb7e000 JavaThread "Common-Cleaner" daemon [_thread_blocked, id=5276, stack(0x000000588cd00000,0x000000588ce00000)]
  0x00000165ffaff000 JavaThread "Sweeper thread" daemon [_thread_blocked, id=7880, stack(0x000000588cc00000,0x000000588cd00000)]
  0x00000165ffafe000 JavaThread "C1 CompilerThread3" daemon [_thread_blocked, id=12828, stack(0x000000588cb00000,0x000000588cc00000)]
  0x00000165ffaf7800 JavaThread "C2 CompilerThread2" daemon [_thread_blocked, id=11316, stack(0x000000588ca00000,0x000000588cb00000)]
  0x00000165ffaf6800 JavaThread "C2 CompilerThread1" daemon [_thread_blocked, id=9936, stack(0x000000588c900000,0x000000588ca00000)]
  0x00000165ffaf6000 JavaThread "C2 CompilerThread0" daemon [_thread_blocked, id=11460, stack(0x000000588c800000,0x000000588c900000)]
  0x00000165ffaf5000 JavaThread "Attach Listener" daemon [_thread_blocked, id=6484, stack(0x000000588c700000,0x000000588c800000)]
  0x00000165ffaf4800 JavaThread "Signal Dispatcher" daemon [_thread_blocked, id=11552, stack(0x000000588c600000,0x000000588c700000)]
  0x00000165ffaa2800 JavaThread "Finalizer" daemon [_thread_blocked, id=9656, stack(0x000000588c500000,0x000000588c600000)]
  0x00000165ffa98000 JavaThread "Reference Handler" daemon [_thread_blocked, id=7576, stack(0x000000588c400000,0x000000588c500000)]
  0x00000165f53a4000 JavaThread "main" [_thread_blocked, id=1516, stack(0x000000588ae00000,0x000000588af00000)]

Other Threads:
=>0x00000165ffa93800 VMThread "VM Thread" [stack: 0x000000588c300000,0x000000588c400000] [id=460]
  0x00000165f53bc000 GCTaskThread "GC Thread#0" [stack: 0x000000588af00000,0x000000588b000000] [id=6072]
  0x00000165f53bd800 GCTaskThread "GC Thread#1" [stack: 0x000000588b000000,0x000000588b100000] [id=5560]
  0x00000165f53bf000 GCTaskThread "GC Thread#2" [stack: 0x000000588b100000,0x000000588b200000] [id=11544]
  0x00000165f53c1800 GCTaskThread "GC Thread#3" [stack: 0x000000588b200000,0x000000588b300000] [id=6692]
  0x00000165f53c3000 GCTaskThread "GC Thread#4" [stack: 0x000000588b300000,0x000000588b400000] [id=8052]
  0x00000165f53c7800 GCTaskThread "GC Thread#5" [stack: 0x000000588b400000,0x000000588b500000] [id=7336]
  0x00000165f53cf000 GCTaskThread "GC Thread#6" [stack: 0x000000588b500000,0x000000588b600000] [id=7580]
  0x00000165f53d0000 GCTaskThread "GC Thread#7" [stack: 0x000000588b600000,0x000000588b700000] [id=6120]
  0x00000165fc7c3800 ConcurrentGCThread "G1 Main Marker" [stack: 0x000000588c000000,0x000000588c100000] [id=8004]
  0x00000165fc7c4800 ConcurrentGCThread "G1 Marker#0" [stack: 0x000000588c100000,0x000000588c200000] [id=10440]
  0x00000165f5430000 ConcurrentGCThread "G1 Marker#1" [stack: 0x000000588c200000,0x000000588c300000] [id=4776]
  0x00000165f53ed000 ConcurrentGCThread "G1 Refine#0" [stack: 0x000000588be00000,0x000000588bf00000] [id=11108]
  0x00000165f53f3000 ConcurrentGCThread "G1 Refine#1" [stack: 0x000000588bd00000,0x000000588be00000] [id=7216]
  0x00000165f53f3800 ConcurrentGCThread "G1 Refine#2" [stack: 0x000000588bc00000,0x000000588bd00000] [id=7412]
  0x00000165f53ed800 ConcurrentGCThread "G1 Refine#3" [stack: 0x000000588bb00000,0x000000588bc00000] [id=5776]
  0x00000165f53f1000 ConcurrentGCThread "G1 Refine#4" [stack: 0x000000588ba00000,0x000000588bb00000] [id=5452]
  0x00000165f53ef000 ConcurrentGCThread "G1 Refine#5" [stack: 0x000000588b900000,0x000000588ba00000] [id=6392]
  0x00000165f53db800 ConcurrentGCThread "G1 Refine#6" [stack: 0x000000588b800000,0x000000588b900000] [id=9268]
  0x00000165f53d3000 ConcurrentGCThread "G1 Refine#7" [stack: 0x000000588b700000,0x000000588b800000] [id=6388]
  0x00000165f5406000 ConcurrentGCThread "G1 Young RemSet Sampling" [stack: 0x000000588bf00000,0x000000588c000000] [id=10644]

Threads with active compile tasks:
C1 CompilerThread33138       3       java.util.WeakHashMap$KeyIterator::next (8 bytes)
C2 CompilerThread13136       4       java.lang.AbstractStringBuilder::append (77 bytes)

VM state:at safepoint (shutting down)

VM Mutex/Monitor currently owned by a thread:  ([mutex/lock_event])
[0x00000165f53a25a0] Threads_lock - owner thread: 0x00000165ffa93800

Heap address: 0x0000000081e00000, size: 2018 MB, Compressed Oops mode: 32-bit
Narrow klass base: 0x0000000000000000, Narrow klass shift: 3
Compressed class space size: 1073741824 Address: 0x0000000100000000

Heap:
 garbage-first heap   total 131072K, used 29433K [0x0000000081e00000, 0x0000000081f00400, 0x0000000100000000)
  region size 1024K, 26 young (26624K), 5 survivors (5120K)
 Metaspace       used 26140K, capacity 28691K, committed 29056K, reserved 1075200K
  class space    used 3442K, capacity 3880K, committed 3968K, reserved 1048576K
Heap Regions: E=young(eden), S=young(survivor), O=old, HS=humongous(starts), HC=humongous(continues), CS=collection set, F=free, A=archive, TS=gc time stamp, AC=allocation context, TAMS=top-at-mark-start (previous, next)
|   0|0x0000000081e00000, 0x0000000081f00000, 0x0000000081f00000|100%| O|  |TS  0|AC  0|TAMS 0x0000000081f00000, 0x0000000081f00000|
|   1|0x0000000081f00000, 0x0000000082000000, 0x0000000082000000|100%| O|  |TS  0|AC  0|TAMS 0x0000000082000000, 0x0000000082000000|
|   2|0x0000000082000000, 0x0000000082100000, 0x0000000082100000|100%|HS|  |TS  0|AC  0|TAMS 0x0000000082000000, 0x0000000082000000|
|   3|0x0000000082100000, 0x0000000082200000, 0x0000000082200000|100%|HC|  |TS  0|AC  0|TAMS 0x0000000082100000, 0x0000000082100000|
|   4|0x0000000082200000, 0x0000000082200000, 0x0000000082300000|  0%| F|  |TS  0|AC  0|TAMS 0x0000000082200000, 0x0000000082200000|
|   5|0x0000000082300000, 0x0000000082300000, 0x0000000082400000|  0%| F|  |TS  0|AC  0|TAMS 0x0000000082300000, 0x0000000082300000|
|   6|0x0000000082400000, 0x0000000082400000, 0x0000000082500000|  0%| F|  |TS  0|AC  0|TAMS 0x0000000082400000, 0x0000000082400000|
|   7|0x0000000082500000, 0x0000000082500000, 0x0000000082600000|  0%| F|  |TS  0|AC  0|TAMS 0x0000000082500000, 0x0000000082500000|
|   8|0x0000000082600000, 0x0000000082600000, 0x0000000082700000|  0%| F|  |TS  0|AC  0|TAMS 0x0000000082600000, 0x0000000082600000|
|   9|0x0000000082700000, 0x0000000082700000, 0x0000000082800000|  0%| F|  |TS  0|AC  0|TAMS 0x0000000082700000, 0x0000000082700000|
|  10|0x0000000082800000, 0x0000000082800000, 0x0000000082900000|  0%| F|  |TS  0|AC  0|TAMS 0x0000000082800000, 0x0000000082800000|
|  11|0x0000000082900000, 0x0000000082900000, 0x0000000082a00000|  0%| F|  |TS  0|AC  0|TAMS 0x0000000082900000, 0x0000000082900000|
|  12|0x0000000082a00000, 0x0000000082a00000, 0x0000000082b00000|  0%| F|  |TS  0|AC  0|TAMS 0x0000000082a00000, 0x0000000082a00000|
|  13|0x0000000082b00000, 0x0000000082b00000, 0x0000000082c00000|  0%| F|  |TS  0|AC  0|TAMS 0x0000000082b00000, 0x0000000082b00000|
|  14|0x0000000082c00000, 0x0000000082c00000, 0x0000000082d00000|  0%| F|  |TS  0|AC  0|TAMS 0x0000000082c00000, 0x0000000082c00000|
|  15|0x0000000082d00000, 0x0000000082d00000, 0x0000000082e00000|  0%| F|  |TS  0|AC  0|TAMS 0x0000000082d00000, 0x0000000082d00000|
|  16|0x0000000082e00000, 0x0000000082e00000, 0x0000000082f00000|  0%| F|  |TS  0|AC  0|TAMS 0x0000000082e00000, 0x0000000082e00000|
|  17|0x0000000082f00000, 0x0000000082f00000, 0x0000000083000000|  0%| F|  |TS  0|AC  0|TAMS 0x0000000082f00000, 0x0000000082f00000|
|  18|0x0000000083000000, 0x0000000083000000, 0x0000000083100000|  0%| F|  |TS  0|AC  0|TAMS 0x0000000083000000, 0x0000000083000000|
|  19|0x0000000083100000, 0x0000000083100000, 0x0000000083200000|  0%| F|  |TS  0|AC  0|TAMS 0x0000000083100000, 0x0000000083100000|
|  20|0x0000000083200000, 0x0000000083200000, 0x0000000083300000|  0%| F|  |TS  0|AC  0|TAMS 0x0000000083200000, 0x0000000083200000|
|  21|0x0000000083300000, 0x0000000083300000, 0x0000000083400000|  0%| F|  |TS  0|AC  0|TAMS 0x0000000083300000, 0x0000000083300000|
|  22|0x0000000083400000, 0x0000000083400000, 0x0000000083500000|  0%| F|  |TS  0|AC  0|TAMS 0x0000000083400000, 0x0000000083400000|
|  23|0x0000000083500000, 0x0000000083500000, 0x0000000083600000|  0%| F|  |TS  0|AC  0|TAMS 0x0000000083500000, 0x0000000083500000|
|  24|0x0000000083600000, 0x0000000083600000, 0x0000000083700000|  0%| F|  |TS  0|AC  0|TAMS 0x0000000083600000, 0x0000000083600000|
|  25|0x0000000083700000, 0x0000000083700000, 0x0000000083800000|  0%| F|  |TS  0|AC  0|TAMS 0x0000000083700000, 0x0000000083700000|
|  26|0x0000000083800000, 0x0000000083800000, 0x0000000083900000|  0%| F|  |TS  0|AC  0|TAMS 0x0000000083800000, 0x0000000083800000|
|  27|0x0000000083900000, 0x0000000083900000, 0x0000000083a00000|  0%| F|  |TS  0|AC  0|TAMS 0x0000000083900000, 0x0000000083900000|
|  28|0x0000000083a00000, 0x0000000083a00000, 0x0000000083b00000|  0%| F|  |TS  0|AC  0|TAMS 0x0000000083a00000, 0x0000000083a00000|
|  29|0x0000000083b00000, 0x0000000083b00000, 0x0000000083c00000|  0%| F|  |TS  0|AC  0|TAMS 0x0000000083b00000, 0x0000000083b00000|
|  30|0x0000000083c00000, 0x0000000083c00000, 0x0000000083d00000|  0%| F|  |TS  0|AC  0|TAMS 0x0000000083c00000, 0x0000000083c00000|
|  31|0x0000000083d00000, 0x0000000083d00000, 0x0000000083e00000|  0%| F|  |TS  0|AC  0|TAMS 0x0000000083d00000, 0x0000000083d00000|
|  32|0x0000000083e00000, 0x0000000083e00000, 0x0000000083f00000|  0%| F|  |TS  0|AC  0|TAMS 0x0000000083e00000, 0x0000000083e00000|
|  33|0x0000000083f00000, 0x0000000083f00000, 0x0000000084000000|  0%| F|  |TS  0|AC  0|TAMS 0x0000000083f00000, 0x0000000083f00000|
|  34|0x0000000084000000, 0x0000000084000000, 0x0000000084100000|  0%| F|  |TS  0|AC  0|TAMS 0x0000000084000000, 0x0000000084000000|
|  35|0x0000000084100000, 0x0000000084100000, 0x0000000084200000|  0%| F|  |TS  0|AC  0|TAMS 0x0000000084100000, 0x0000000084100000|
|  36|0x0000000084200000, 0x0000000084200000, 0x0000000084300000|  0%| F|  |TS  0|AC  0|TAMS 0x0000000084200000, 0x0000000084200000|
|  37|0x0000000084300000, 0x0000000084300000, 0x0000000084400000|  0%| F|  |TS  0|AC  0|TAMS 0x0000000084300000, 0x0000000084300000|
|  38|0x0000000084400000, 0x0000000084400000, 0x0000000084500000|  0%| F|  |TS  0|AC  0|TAMS 0x0000000084400000, 0x0000000084400000|
|  39|0x0000000084500000, 0x0000000084500000, 0x0000000084600000|  0%| F|  |TS  0|AC  0|TAMS 0x0000000084500000, 0x0000000084500000|
|  40|0x0000000084600000, 0x0000000084600000, 0x0000000084700000|  0%| F|  |TS  0|AC  0|TAMS 0x0000000084600000, 0x0000000084600000|
|  41|0x0000000084700000, 0x0000000084700000, 0x0000000084800000|  0%| F|  |TS  0|AC  0|TAMS 0x0000000084700000, 0x0000000084700000|
|  42|0x0000000084800000, 0x0000000084800000, 0x0000000084900000|  0%| F|  |TS  0|AC  0|TAMS 0x0000000084800000, 0x0000000084800000|
|  43|0x0000000084900000, 0x0000000084900000, 0x0000000084a00000|  0%| F|  |TS  0|AC  0|TAMS 0x0000000084900000, 0x0000000084900000|
|  44|0x0000000084a00000, 0x0000000084a00000, 0x0000000084b00000|  0%| F|  |TS  0|AC  0|TAMS 0x0000000084a00000, 0x0000000084a00000|
|  45|0x0000000084b00000, 0x0000000084b00000, 0x0000000084c00000|  0%| F|  |TS  0|AC  0|TAMS 0x0000000084b00000, 0x0000000084b00000|
|  46|0x0000000084c00000, 0x0000000084c00000, 0x0000000084d00000|  0%| F|  |TS  0|AC  0|TAMS 0x0000000084c00000, 0x0000000084c00000|
|  47|0x0000000084d00000, 0x0000000084d00000, 0x0000000084e00000|  0%| F|  |TS  0|AC  0|TAMS 0x0000000084d00000, 0x0000000084d00000|
|  48|0x0000000084e00000, 0x0000000084e00000, 0x0000000084f00000|  0%| F|  |TS  0|AC  0|TAMS 0x0000000084e00000, 0x0000000084e00000|
|  49|0x0000000084f00000, 0x0000000084f00000, 0x0000000085000000|  0%| F|  |TS  0|AC  0|TAMS 0x0000000084f00000, 0x0000000084f00000|
|  50|0x0000000085000000, 0x0000000085000000, 0x0000000085100000|  0%| F|  |TS  0|AC  0|TAMS 0x0000000085000000, 0x0000000085000000|
|  51|0x0000000085100000, 0x0000000085100000, 0x0000000085200000|  0%| F|  |TS  0|AC  0|TAMS 0x0000000085100000, 0x0000000085100000|
|  52|0x0000000085200000, 0x0000000085200000, 0x0000000085300000|  0%| F|  |TS  0|AC  0|TAMS 0x0000000085200000, 0x0000000085200000|
|  53|0x0000000085300000, 0x0000000085300000, 0x0000000085400000|  0%| F|  |TS  0|AC  0|TAMS 0x0000000085300000, 0x0000000085300000|
|  54|0x0000000085400000, 0x0000000085400000, 0x0000000085500000|  0%| F|  |TS  0|AC  0|TAMS 0x0000000085400000, 0x0000000085400000|
|  55|0x0000000085500000, 0x0000000085500000, 0x0000000085600000|  0%| F|  |TS  0|AC  0|TAMS 0x0000000085500000, 0x0000000085500000|
|  56|0x0000000085600000, 0x0000000085600000, 0x0000000085700000|  0%| F|  |TS  0|AC  0|TAMS 0x0000000085600000, 0x0000000085600000|
|  57|0x0000000085700000, 0x0000000085700000, 0x0000000085800000|  0%| F|  |TS  0|AC  0|TAMS 0x0000000085700000, 0x0000000085700000|
|  58|0x0000000085800000, 0x0000000085800000, 0x0000000085900000|  0%| F|  |TS  0|AC  0|TAMS 0x0000000085800000, 0x0000000085800000|
|  59|0x0000000085900000, 0x0000000085900000, 0x0000000085a00000|  0%| F|  |TS  0|AC  0|TAMS 0x0000000085900000, 0x0000000085900000|
|  60|0x0000000085a00000, 0x0000000085a00000, 0x0000000085b00000|  0%| F|  |TS  0|AC  0|TAMS 0x0000000085a00000, 0x0000000085a00000|
|  61|0x0000000085b00000, 0x0000000085b00000, 0x0000000085c00000|  0%| F|  |TS  0|AC  0|TAMS 0x0000000085b00000, 0x0000000085b00000|
|  62|0x0000000085c00000, 0x0000000085c00000, 0x0000000085d00000|  0%| F|  |TS  0|AC  0|TAMS 0x0000000085c00000, 0x0000000085c00000|
|  63|0x0000000085d00000, 0x0000000085d00000, 0x0000000085e00000|  0%| F|  |TS  0|AC  0|TAMS 0x0000000085d00000, 0x0000000085d00000|
|  64|0x0000000085e00000, 0x0000000085e00000, 0x0000000085f00000|  0%| F|  |TS  0|AC  0|TAMS 0x0000000085e00000, 0x0000000085e00000|
|  65|0x0000000085f00000, 0x0000000085f00000, 0x0000000086000000|  0%| F|  |TS  0|AC  0|TAMS 0x0000000085f00000, 0x0000000085f00000|
|  66|0x0000000086000000, 0x0000000086000000, 0x0000000086100000|  0%| F|  |TS  0|AC  0|TAMS 0x0000000086000000, 0x0000000086000000|
|  67|0x0000000086100000, 0x0000000086100000, 0x0000000086200000|  0%| F|  |TS  0|AC  0|TAMS 0x0000000086100000, 0x0000000086100000|
|  68|0x0000000086200000, 0x0000000086200000, 0x0000000086300000|  0%| F|  |TS  0|AC  0|TAMS 0x0000000086200000, 0x0000000086200000|
|  69|0x0000000086300000, 0x0000000086300000, 0x0000000086400000|  0%| F|  |TS  0|AC  0|TAMS 0x0000000086300000, 0x0000000086300000|
|  70|0x0000000086400000, 0x0000000086400000, 0x0000000086500000|  0%| F|  |TS  0|AC  0|TAMS 0x0000000086400000, 0x0000000086400000|
|  71|0x0000000086500000, 0x0000000086500000, 0x0000000086600000|  0%| F|  |TS  0|AC  0|TAMS 0x0000000086500000, 0x0000000086500000|
|  72|0x0000000086600000, 0x0000000086600000, 0x0000000086700000|  0%| F|  |TS  0|AC  0|TAMS 0x0000000086600000, 0x0000000086600000|
|  73|0x0000000086700000, 0x0000000086700000, 0x0000000086800000|  0%| F|  |TS  0|AC  0|TAMS 0x0000000086700000, 0x0000000086700000|
|  74|0x0000000086800000, 0x0000000086800000, 0x0000000086900000|  0%| F|  |TS  0|AC  0|TAMS 0x0000000086800000, 0x0000000086800000|
|  75|0x0000000086900000, 0x0000000086900000, 0x0000000086a00000|  0%| F|  |TS  0|AC  0|TAMS 0x0000000086900000, 0x0000000086900000|
|  76|0x0000000086a00000, 0x0000000086a00000, 0x0000000086b00000|  0%| F|  |TS  0|AC  0|TAMS 0x0000000086a00000, 0x0000000086a00000|
|  77|0x0000000086b00000, 0x0000000086b00000, 0x0000000086c00000|  0%| F|  |TS  0|AC  0|TAMS 0x0000000086b00000, 0x0000000086b00000|
|  78|0x0000000086c00000, 0x0000000086c00000, 0x0000000086d00000|  0%| F|  |TS  0|AC  0|TAMS 0x0000000086c00000, 0x0000000086c00000|
|  79|0x0000000086d00000, 0x0000000086d00000, 0x0000000086e00000|  0%| F|  |TS  0|AC  0|TAMS 0x0000000086d00000, 0x0000000086d00000|
|  80|0x0000000086e00000, 0x0000000086e00000, 0x0000000086f00000|  0%| F|  |TS  0|AC  0|TAMS 0x0000000086e00000, 0x0000000086e00000|
|  81|0x0000000086f00000, 0x0000000086f00000, 0x0000000087000000|  0%| F|  |TS  0|AC  0|TAMS 0x0000000086f00000, 0x0000000086f00000|
|  82|0x0000000087000000, 0x0000000087000000, 0x0000000087100000|  0%| F|  |TS  0|AC  0|TAMS 0x0000000087000000, 0x0000000087000000|
|  83|0x0000000087100000, 0x0000000087100000, 0x0000000087200000|  0%| F|  |TS  0|AC  0|TAMS 0x0000000087100000, 0x0000000087100000|
|  84|0x0000000087200000, 0x0000000087200000, 0x0000000087300000|  0%| F|  |TS  0|AC  0|TAMS 0x0000000087200000, 0x0000000087200000|
|  85|0x0000000087300000, 0x0000000087300000, 0x0000000087400000|  0%| F|  |TS  0|AC  0|TAMS 0x0000000087300000, 0x0000000087300000|
|  86|0x0000000087400000, 0x0000000087400000, 0x0000000087500000|  0%| F|  |TS  0|AC  0|TAMS 0x0000000087400000, 0x0000000087400000|
|  87|0x0000000087500000, 0x0000000087500000, 0x0000000087600000|  0%| F|  |TS  0|AC  0|TAMS 0x0000000087500000, 0x0000000087500000|
|  88|0x0000000087600000, 0x0000000087600000, 0x0000000087700000|  0%| F|  |TS  0|AC  0|TAMS 0x0000000087600000, 0x0000000087600000|
|  89|0x0000000087700000, 0x0000000087700000, 0x0000000087800000|  0%| F|  |TS  0|AC  0|TAMS 0x0000000087700000, 0x0000000087700000|
|  90|0x0000000087800000, 0x0000000087800000, 0x0000000087900000|  0%| F|  |TS  0|AC  0|TAMS 0x0000000087800000, 0x0000000087800000|
|  91|0x0000000087900000, 0x0000000087900000, 0x0000000087a00000|  0%| F|  |TS  0|AC  0|TAMS 0x0000000087900000, 0x0000000087900000|
|  92|0x0000000087a00000, 0x0000000087a00000, 0x0000000087b00000|  0%| F|  |TS  0|AC  0|TAMS 0x0000000087a00000, 0x0000000087a00000|
|  93|0x0000000087b00000, 0x0000000087b00000, 0x0000000087c00000|  0%| F|  |TS  0|AC  0|TAMS 0x0000000087b00000, 0x0000000087b00000|
|  94|0x0000000087c00000, 0x0000000087c00000, 0x0000000087d00000|  0%| F|  |TS  0|AC  0|TAMS 0x0000000087c00000, 0x0000000087c00000|
|  95|0x0000000087d00000, 0x0000000087d00000, 0x0000000087e00000|  0%| F|  |TS  0|AC  0|TAMS 0x0000000087d00000, 0x0000000087d00000|
|  96|0x0000000087e00000, 0x0000000087e00000, 0x0000000087f00000|  0%| F|  |TS  0|AC  0|TAMS 0x0000000087e00000, 0x0000000087e00000|
|  97|0x0000000087f00000, 0x0000000087f00000, 0x0000000088000000|  0%| F|  |TS  0|AC  0|TAMS 0x0000000087f00000, 0x0000000087f00000|
|  98|0x0000000088000000, 0x0000000088000000, 0x0000000088100000|  0%| F|  |TS  0|AC  0|TAMS 0x0000000088000000, 0x0000000088000000|
|  99|0x0000000088100000, 0x0000000088100000, 0x0000000088200000|  0%| F|  |TS  0|AC  0|TAMS 0x0000000088100000, 0x0000000088100000|
| 100|0x0000000088200000, 0x0000000088200000, 0x0000000088300000|  0%| F|  |TS  0|AC  0|TAMS 0x0000000088200000, 0x0000000088200000|
| 101|0x0000000088300000, 0x0000000088300000, 0x0000000088400000|  0%| F|  |TS  0|AC  0|TAMS 0x0000000088300000, 0x0000000088300000|
| 102|0x0000000088400000, 0x00000000884ad8f8, 0x0000000088500000| 67%| E|  |TS  0|AC  0|TAMS 0x0000000088400000, 0x0000000088400000|
| 103|0x0000000088500000, 0x0000000088600000, 0x0000000088600000|100%| E|CS|TS  0|AC  0|TAMS 0x0000000088500000, 0x0000000088500000|
| 104|0x0000000088600000, 0x0000000088700000, 0x0000000088700000|100%| E|CS|TS  0|AC  0|TAMS 0x0000000088600000, 0x0000000088600000|
| 105|0x0000000088700000, 0x0000000088800000, 0x0000000088800000|100%| E|CS|TS  0|AC  0|TAMS 0x0000000088700000, 0x0000000088700000|
| 106|0x0000000088800000, 0x0000000088900000, 0x0000000088900000|100%| E|CS|TS  0|AC  0|TAMS 0x0000000088800000, 0x0000000088800000|
| 107|0x0000000088900000, 0x0000000088a00000, 0x0000000088a00000|100%| E|CS|TS  0|AC  0|TAMS 0x0000000088900000, 0x0000000088900000|
| 108|0x0000000088a00000, 0x0000000088b00000, 0x0000000088b00000|100%| E|CS|TS  0|AC  0|TAMS 0x0000000088a00000, 0x0000000088a00000|
| 109|0x0000000088b00000, 0x0000000088c00000, 0x0000000088c00000|100%| E|CS|TS  0|AC  0|TAMS 0x0000000088b00000, 0x0000000088b00000|
| 110|0x0000000088c00000, 0x0000000088d00000, 0x0000000088d00000|100%| E|CS|TS  0|AC  0|TAMS 0x0000000088c00000, 0x0000000088c00000|
| 111|0x0000000088d00000, 0x0000000088dbe500, 0x0000000088e00000| 74%| S|CS|TS  0|AC  0|TAMS 0x0000000088d00000, 0x0000000088d00000|
| 112|0x0000000088e00000, 0x0000000088f00000, 0x0000000088f00000|100%| S|CS|TS  0|AC  0|TAMS 0x0000000088e00000, 0x0000000088e00000|
| 113|0x0000000088f00000, 0x0000000089000000, 0x0000000089000000|100%| S|CS|TS  0|AC  0|TAMS 0x0000000088f00000, 0x0000000088f00000|
| 114|0x0000000089000000, 0x0000000089100000, 0x0000000089100000|100%| S|CS|TS  0|AC  0|TAMS 0x0000000089000000, 0x0000000089000000|
| 115|0x0000000089100000, 0x0000000089200000, 0x0000000089200000|100%| S|CS|TS  0|AC  0|TAMS 0x0000000089100000, 0x0000000089100000|
| 116|0x0000000089200000, 0x0000000089300000, 0x0000000089300000|100%| E|CS|TS  0|AC  0|TAMS 0x0000000089200000, 0x0000000089200000|
| 117|0x0000000089300000, 0x0000000089400000, 0x0000000089400000|100%| E|CS|TS  0|AC  0|TAMS 0x0000000089300000, 0x0000000089300000|
| 118|0x0000000089400000, 0x0000000089500000, 0x0000000089500000|100%| E|CS|TS  0|AC  0|TAMS 0x0000000089400000, 0x0000000089400000|
| 119|0x0000000089500000, 0x0000000089600000, 0x0000000089600000|100%| E|CS|TS  0|AC  0|TAMS 0x0000000089500000, 0x0000000089500000|
| 120|0x0000000089600000, 0x0000000089700000, 0x0000000089700000|100%| E|CS|TS  0|AC  0|TAMS 0x0000000089600000, 0x0000000089600000|
| 121|0x0000000089700000, 0x0000000089800000, 0x0000000089800000|100%| E|CS|TS  0|AC  0|TAMS 0x0000000089700000, 0x0000000089700000|
| 122|0x0000000089800000, 0x0000000089900000, 0x0000000089900000|100%| E|CS|TS  0|AC  0|TAMS 0x0000000089800000, 0x0000000089800000|
| 123|0x0000000089900000, 0x0000000089a00000, 0x0000000089a00000|100%| E|CS|TS  0|AC  0|TAMS 0x0000000089900000, 0x0000000089900000|
| 124|0x0000000089a00000, 0x0000000089b00000, 0x0000000089b00000|100%| E|CS|TS  0|AC  0|TAMS 0x0000000089a00000, 0x0000000089a00000|
| 125|0x0000000089b00000, 0x0000000089c00000, 0x0000000089c00000|100%| E|CS|TS  0|AC  0|TAMS 0x0000000089b00000, 0x0000000089b00000|
| 126|0x0000000089c00000, 0x0000000089d00000, 0x0000000089d00000|100%| E|CS|TS  0|AC  0|TAMS 0x0000000089c00000, 0x0000000089c00000|
| 127|0x0000000089d00000, 0x0000000089e00000, 0x0000000089e00000|100%| E|CS|TS  0|AC  0|TAMS 0x0000000089d00000, 0x0000000089d00000|

Card table byte_map: [0x00000165f8060000,0x00000165f8460000] byte_map_base: 0x00000165f7c51000

Marking Bits (Prev, Next): (CMBitMap*) 0x00000165fc7c3238, (CMBitMap*) 0x00000165fc7c3200
 Prev Bits: [0x00000165fa7f0000, 0x00000165fc778000)
 Next Bits: [0x00000165f8860000, 0x00000165fa7e8000)

Polling page: 0x00000165f32c0000

CodeHeap 'non-profiled nmethods': size=120000Kb used=1454Kb max_used=1454Kb free=118545Kb
 bounds [0x0000016592120000, 0x0000016592390000, 0x0000016599650000]
CodeHeap 'profiled nmethods': size=120000Kb used=6309Kb max_used=6309Kb free=113690Kb
 bounds [0x000001658abf0000, 0x000001658b220000, 0x0000016592120000]
CodeHeap 'non-nmethods': size=5760Kb used=1500Kb max_used=1536Kb free=4259Kb
 bounds [0x000001658a650000, 0x000001658a8c0000, 0x000001658abf0000]
 total_blobs=4499 nmethods=3136 adapters=707
 compilation: enabled

Compilation events (10 events):
Event: 13.238 Thread 0x00000165ffaf7800 3129       4       java.util.WeakHashMap$HashIterator::hasNext (95 bytes)
Event: 13.246 Thread 0x00000165ffaf7800 nmethod 3129 0x000001659228ac10 code [0x000001659228ada0, 0x000001659228b278]
Event: 13.284 Thread 0x00000165ffafe000 3130       3       com.sun.javafx.geom.transform.Affine3D::transform (141 bytes)
Event: 13.285 Thread 0x00000165ffafe000 nmethod 3130 0x000001658b216110 code [0x000001658b2162e0, 0x000001658b2166f0]
Event: 13.285 Thread 0x00000165ffafe000 3131       3       com.sun.javafx.geom.transform.AffineBase::transform (365 bytes)
Event: 13.285 Thread 0x00000165ffafe000 nmethod 3131 0x000001658b216890 code [0x000001658b216a80, 0x000001658b217110]
Event: 13.285 Thread 0x00000165ffafe000 3132       3       javafx.scene.Node::sceneToLocal0 (46 bytes)
Event: 13.286 Thread 0x00000165ffafe000 nmethod 3132 0x000001658b217410 code [0x000001658b217700, 0x000001658b218fc0]
Event: 13.372 Thread 0x00000165ffaf6800 3136       4       java.lang.AbstractStringBuilder::append (77 bytes)
Event: 13.376 Thread 0x00000165ffafe000 3138       3       java.util.WeakHashMap$KeyIterator::next (8 bytes)

GC Heap History (4 events):
Event: 2.897 GC heap before
{Heap before GC invocations=0 (full 0):
 garbage-first heap   total 131072K, used 24576K [0x0000000081e00000, 0x0000000081f00400, 0x0000000100000000)
  region size 1024K, 24 young (24576K), 0 survivors (0K)
 Metaspace       used 14981K, capacity 15898K, committed 16000K, reserved 1062912K
  class space    used 1619K, capacity 1832K, committed 1920K, reserved 1048576K
}
Event: 2.901 GC heap after
{Heap after GC invocations=1 (full 0):
 garbage-first heap   total 131072K, used 5128K [0x0000000081e00000, 0x0000000081f00400, 0x0000000100000000)
  region size 1024K, 3 young (3072K), 3 survivors (3072K)
 Metaspace       used 14981K, capacity 15898K, committed 16000K, reserved 1062912K
  class space    used 1619K, capacity 1832K, committed 1920K, reserved 1048576K
}
Event: 3.902 GC heap before
{Heap before GC invocations=1 (full 0):
 garbage-first heap   total 131072K, used 16392K [0x0000000081e00000, 0x0000000081f00400, 0x0000000100000000)
  region size 1024K, 15 young (15360K), 3 survivors (3072K)
 Metaspace       used 20018K, capacity 21273K, committed 21296K, reserved 1069056K
  class space    used 2449K, capacity 2688K, committed 2688K, reserved 1048576K
}
Event: 3.907 GC heap after
{Heap after GC invocations=2 (full 0):
 garbage-first heap   total 131072K, used 6913K [0x0000000081e00000, 0x0000000081f00400, 0x0000000100000000)
  region size 1024K, 5 young (5120K), 5 survivors (5120K)
 Metaspace       used 20018K, capacity 21273K, committed 21296K, reserved 1069056K
  class space    used 2449K, capacity 2688K, committed 2688K, reserved 1048576K
}

Deoptimization events (10 events):
Event: 4.424 Thread 0x0000016599bad000 Uncommon trap: reason=unstable_if action=reinterpret pc=0x000001659217aa24 method=jdk.internal.org.objectweb.asm.Type.getArgumentsAndReturnSizes(Ljava/lang/String;)I @ 47 c2
Event: 5.543 Thread 0x0000016599bad000 Uncommon trap: reason=unstable_if action=reinterpret pc=0x000001659214c118 method=java.lang.StringLatin1.canEncode(I)Z @ 4 c2
Event: 5.543 Thread 0x0000016599bad000 Uncommon trap: reason=unstable_if action=reinterpret pc=0x000001659216e4b8 method=java.lang.AbstractStringBuilder.isLatin1()Z @ 10 c2
Event: 5.621 Thread 0x0000016599bad000 Uncommon trap: reason=unstable_if action=reinterpret pc=0x0000016592143804 method=java.lang.StringLatin1.canEncode(I)Z @ 4 c2
Event: 5.668 Thread 0x0000016599bad000 Uncommon trap: reason=unstable_if action=reinterpret pc=0x000001659212c4d0 method=java.lang.StringLatin1.canEncode(I)Z @ 4 c2
Event: 6.238 Thread 0x0000016599bad000 Uncommon trap: reason=unstable_if action=reinterpret pc=0x0000016592196790 method=java.util.ArrayList.newCapacity(I)I @ 25 c2
Event: 9.426 Thread 0x0000016599bad000 Uncommon trap: reason=array_check action=maybe_recompile pc=0x000001659224e620 method=javafx.css.SimpleSelector.applies(Ljavafx/css/Styleable;[Ljava/util/Set;I)Z @ 37 c2
Event: 9.426 Thread 0x0000016599bad000 Uncommon trap: reason=array_check action=maybe_recompile pc=0x000001659224e620 method=javafx.css.SimpleSelector.applies(Ljavafx/css/Styleable;[Ljava/util/Set;I)Z @ 37 c2
Event: 9.426 Thread 0x0000016599bad000 Uncommon trap: reason=array_check action=maybe_recompile pc=0x000001659224e620 method=javafx.css.SimpleSelector.applies(Ljavafx/css/Styleable;[Ljava/util/Set;I)Z @ 37 c2
Event: 9.426 Thread 0x0000016599bad000 Uncommon trap: reason=array_check action=maybe_recompile pc=0x000001659224e620 method=javafx.css.SimpleSelector.applies(Ljavafx/css/Styleable;[Ljava/util/Set;I)Z @ 37 c2

Classes redefined (0 events):
No events

Internal exceptions (10 events):
Event: 4.427 Thread 0x0000016599bad000 Exception <a 'java/lang/NoSuchMethodError'{0x00000000898fa908}: method resolution failed> (0x00000000898fa908) thrown at [t:/workspace/hotspot/src/share/vm/prims/methodHandles.cpp, line 1256]
Event: 4.652 Thread 0x0000016599b90800 Exception <a 'java/lang/NoSuchMethodError'{0x0000000089650ad8}: java.lang.invoke.DirectMethodHandle$Holder.invokeStaticInit(Ljava/lang/Object;I)Ljava/lang/Object;> (0x0000000089650ad8) thrown at [t:/workspace/hotspot/src/share/vm/interpreter/linkResolver.
Event: 6.190 Thread 0x0000016599bad000 Exception <a 'java/io/FileNotFoundException'{0x0000000089498c08}> (0x0000000089498c08) thrown at [t:/workspace/hotspot/src/share/vm/prims/jni.cpp, line 604]
Event: 6.286 Thread 0x0000016599bad000 Exception <a 'java/lang/NoSuchMethodError'{0x00000000893ef270}: method resolution failed> (0x00000000893ef270) thrown at [t:/workspace/hotspot/src/share/vm/prims/methodHandles.cpp, line 1256]
Event: 9.403 Thread 0x0000016599bad000 Exception <a 'java/lang/NoSuchMethodError'{0x00000000887550a0}: java.lang.Object.lambda$andThen$0(Ljava/util/function/Consumer;Ljava/lang/Object;)V> (0x00000000887550a0) thrown at [t:/workspace/hotspot/src/share/vm/interpreter/linkResolver.cpp, line 731]
Event: 13.371 Thread 0x0000016599bad000 Exception <a 'java/lang/NoSuchMethodError'{0x00000000885f8150}: java.lang.invoke.DirectMethodHandle$Holder.invokeStatic(Ljava/lang/Object;J)V> (0x00000000885f8150) thrown at [t:/workspace/hotspot/src/share/vm/interpreter/linkResolver.cpp, line 731]
Event: 13.372 Thread 0x0000016599bad000 Exception <a 'java/lang/NoSuchMethodError'{0x00000000885fd910}: java.lang.invoke.DirectMethodHandle$Holder.invokeStatic(Ljava/lang/Object;J)Ljava/lang/Object;> (0x00000000885fd910) thrown at [t:/workspace/hotspot/src/share/vm/interpreter/linkResolver.cpp,
Event: 13.373 Thread 0x0000016599bad000 Exception <a 'java/lang/NoSuchMethodError'{0x0000000088409b68}: method resolution failed> (0x0000000088409b68) thrown at [t:/workspace/hotspot/src/share/vm/prims/methodHandles.cpp, line 1256]
Event: 13.373 Thread 0x0000016599bad000 Exception <a 'java/lang/NoSuchMethodError'{0x000000008840d820}: java.lang.invoke.DirectMethodHandle$Holder.invokeStaticInit(Ljava/lang/Object;Ljava/lang/Object;JLjava/lang/Object;)Ljava/lang/Object;> (0x000000008840d820) thrown at [t:/workspace/hotspot/sr
Event: 13.376 Thread 0x00000165a1b29800 Exception <a 'java/lang/IllegalStateException'{0x00000000884862f0}> (0x00000000884862f0) thrown at [t:/workspace/hotspot/src/share/vm/prims/jvm.cpp, line 1314]

Events (10 events):
Event: 13.375 loading class java/util/IdentityHashMap$IdentityHashMapIterator
Event: 13.375 loading class java/util/IdentityHashMap$IdentityHashMapIterator done
Event: 13.375 loading class java/util/IdentityHashMap$KeyIterator done
Event: 13.375 Thread 0x00000165a1b29800 Thread added: 0x00000165a1b29800
Event: 13.376 loading class com/sun/javafx/tk/quantum/QuantumRenderer
Event: 13.376 loading class com/sun/javafx/tk/quantum/QuantumRenderer done
Event: 13.376 loading class com/sun/javafx/tk/quantum/QuantumToolkit
Event: 13.376 loading class com/sun/javafx/tk/quantum/QuantumToolkit done
Event: 13.376 Thread 0x00000165a1b29800 Thread exited: 0x00000165a1b29800
Event: 13.377 Executing VM operation: Exit


Dynamic libraries:
0x00007ff6b7800000 - 0x00007ff6b783e000 	C:\Program Files\Java\jdk-9.0.1\bin\java.exe
0x00007ffab3a10000 - 0x00007ffab3bf0000 	C:\WINDOWS\SYSTEM32\ntdll.dll
0x00007ffab0ee0000 - 0x00007ffab0f8e000 	C:\WINDOWS\System32\KERNEL32.DLL
0x00007ffaafe10000 - 0x00007ffab0076000 	C:\WINDOWS\System32\KERNELBASE.dll
0x00007ffab13e0000 - 0x00007ffab1481000 	C:\WINDOWS\System32\ADVAPI32.dll
0x00007ffab0fb0000 - 0x00007ffab104d000 	C:\WINDOWS\System32\msvcrt.dll
0x00007ffab1490000 - 0x00007ffab14eb000 	C:\WINDOWS\System32\sechost.dll
0x00007ffab35e0000 - 0x00007ffab36ff000 	C:\WINDOWS\System32\RPCRT4.dll
0x00007ffab3700000 - 0x00007ffab388f000 	C:\WINDOWS\System32\USER32.dll
0x00007ffab0ec0000 - 0x00007ffab0ee0000 	C:\WINDOWS\System32\win32u.dll
0x00007ffab3500000 - 0x00007ffab3528000 	C:\WINDOWS\System32\GDI32.dll
0x00007ffab0520000 - 0x00007ffab06b3000 	C:\WINDOWS\System32\gdi32full.dll
0x00007ffab0250000 - 0x00007ffab02eb000 	C:\WINDOWS\System32\msvcp_win.dll
0x00007ffab0100000 - 0x00007ffab01f6000 	C:\WINDOWS\System32\ucrtbase.dll
0x00007ffa9f450000 - 0x00007ffa9f6b9000 	C:\WINDOWS\WinSxS\amd64_microsoft.windows.common-controls_6595b64144ccf1df_6.0.16299.125_none_15cbcf8893620c09\COMCTL32.dll
0x00007ffaa77a0000 - 0x00007ffaa77aa000 	C:\WINDOWS\SYSTEM32\VERSION.dll
0x00007ffab3160000 - 0x00007ffab3468000 	C:\WINDOWS\System32\combase.dll
0x00007ffab0080000 - 0x00007ffab00f2000 	C:\WINDOWS\System32\bcryptPrimitives.dll
0x00007ffab3470000 - 0x00007ffab349d000 	C:\WINDOWS\System32\IMM32.DLL
0x00007ffa8a020000 - 0x00007ffa8a10f000 	C:\Program Files\Java\jdk-9.0.1\bin\msvcr120.dll
0x00007ffa89f70000 - 0x00007ffa8a016000 	C:\Program Files\Java\jdk-9.0.1\bin\msvcp120.dll
0x0000000072cb0000 - 0x00000000736d4000 	C:\Program Files\Java\jdk-9.0.1\bin\server\jvm.dll
0x00007ffab16e0000 - 0x00007ffab16e8000 	C:\WINDOWS\System32\PSAPI.DLL
0x00007ffaabc00000 - 0x00007ffaabc09000 	C:\WINDOWS\SYSTEM32\WSOCK32.dll
0x00007ffab14f0000 - 0x00007ffab155c000 	C:\WINDOWS\System32\WS2_32.dll
0x00007ffaa1160000 - 0x00007ffaa1183000 	C:\WINDOWS\SYSTEM32\WINMM.dll
0x00007ffaa0fc0000 - 0x00007ffaa0fea000 	C:\WINDOWS\SYSTEM32\WINMMBASE.dll
0x00007ffab0200000 - 0x00007ffab024a000 	C:\WINDOWS\System32\cfgmgr32.dll
0x00007ffaa8440000 - 0x00007ffaa844f000 	C:\Program Files\Java\jdk-9.0.1\bin\verify.dll
0x00007ffaa3d80000 - 0x00007ffaa3da7000 	C:\Program Files\Java\jdk-9.0.1\bin\java.dll
0x00007ffa8db90000 - 0x00007ffa8dbba000 	C:\Program Files\Java\jdk-9.0.1\bin\instrument.dll
0x00007ffaa8200000 - 0x00007ffaa8216000 	C:\Program Files\Java\jdk-9.0.1\bin\zip.dll
0x00007ffaa7cf0000 - 0x00007ffaa7cfa000 	C:\Program Files\Java\jdk-9.0.1\bin\jimage.dll
0x00007ffab17b0000 - 0x00007ffab2be6000 	C:\WINDOWS\System32\SHELL32.dll
0x00007ffab3530000 - 0x00007ffab35d6000 	C:\WINDOWS\System32\shcore.dll
0x00007ffab06c0000 - 0x00007ffab0e07000 	C:\WINDOWS\System32\windows.storage.dll
0x00007ffab16f0000 - 0x00007ffab1741000 	C:\WINDOWS\System32\shlwapi.dll
0x00007ffaafda0000 - 0x00007ffaafdb1000 	C:\WINDOWS\System32\kernel.appcore.dll
0x00007ffaafdc0000 - 0x00007ffaafe0c000 	C:\WINDOWS\System32\powrprof.dll
0x00007ffaafd80000 - 0x00007ffaafd9b000 	C:\WINDOWS\System32\profapi.dll
0x00007ffaa1190000 - 0x00007ffaa11aa000 	C:\Program Files\Java\jdk-9.0.1\bin\net.dll
0x00007ffaa39e0000 - 0x00007ffaa3abe000 	C:\WINDOWS\SYSTEM32\WINHTTP.dll
0x00007ffaaf590000 - 0x00007ffaaf5f6000 	C:\WINDOWS\system32\mswsock.dll
0x00007ffa9fcb0000 - 0x00007ffa9fcc1000 	C:\Program Files\Java\jdk-9.0.1\bin\nio.dll
0x00007ffa91ab0000 - 0x00007ffa91aca000 	E:\IntelliJ IDEA 2017.2.5\bin\breakgen64.dll
0x00000165f5700000 - 0x00000165f5703000 	C:\Program Files\Java\jdk-9.0.1\bin\api-ms-win-core-console-l1-1-0.dll
0x00000165f5710000 - 0x00000165f5713000 	C:\Program Files\Java\jdk-9.0.1\bin\api-ms-win-core-datetime-l1-1-0.dll
0x00000165f5720000 - 0x00000165f5723000 	C:\Program Files\Java\jdk-9.0.1\bin\api-ms-win-core-debug-l1-1-0.dll
0x00000165ffd70000 - 0x00000165ffd73000 	C:\Program Files\Java\jdk-9.0.1\bin\api-ms-win-core-errorhandling-l1-1-0.dll
0x00000165ffd80000 - 0x00000165ffd84000 	C:\Program Files\Java\jdk-9.0.1\bin\api-ms-win-core-file-l1-1-0.dll
0x00000165ffd90000 - 0x00000165ffd93000 	C:\Program Files\Java\jdk-9.0.1\bin\api-ms-win-core-file-l1-2-0.dll
0x00000165ffda0000 - 0x00000165ffda3000 	C:\Program Files\Java\jdk-9.0.1\bin\api-ms-win-core-file-l2-1-0.dll
0x00000165ffdb0000 - 0x00000165ffdb3000 	C:\Program Files\Java\jdk-9.0.1\bin\api-ms-win-core-handle-l1-1-0.dll
0x00000165ffdc0000 - 0x00000165ffdc3000 	C:\Program Files\Java\jdk-9.0.1\bin\api-ms-win-core-heap-l1-1-0.dll
0x00000165ffdd0000 - 0x00000165ffdd3000 	C:\Program Files\Java\jdk-9.0.1\bin\api-ms-win-core-interlocked-l1-1-0.dll
0x00000165ffde0000 - 0x00000165ffde3000 	C:\Program Files\Java\jdk-9.0.1\bin\api-ms-win-core-libraryloader-l1-1-0.dll
0x00000165ffdf0000 - 0x00000165ffdf3000 	C:\Program Files\Java\jdk-9.0.1\bin\api-ms-win-core-localization-l1-2-0.dll
0x00000165ffe00000 - 0x00000165ffe03000 	C:\Program Files\Java\jdk-9.0.1\bin\api-ms-win-core-memory-l1-1-0.dll
0x00000165ffe10000 - 0x00000165ffe13000 	C:\Program Files\Java\jdk-9.0.1\bin\api-ms-win-core-namedpipe-l1-1-0.dll
0x00000165ffe20000 - 0x00000165ffe23000 	C:\Program Files\Java\jdk-9.0.1\bin\api-ms-win-core-processenvironment-l1-1-0.dll
0x00000165ffe30000 - 0x00000165ffe33000 	C:\Program Files\Java\jdk-9.0.1\bin\api-ms-win-core-processthreads-l1-1-0.dll
0x00000165ffe40000 - 0x00000165ffe43000 	C:\Program Files\Java\jdk-9.0.1\bin\api-ms-win-core-processthreads-l1-1-1.dll
0x00000165ffe50000 - 0x00000165ffe53000 	C:\Program Files\Java\jdk-9.0.1\bin\api-ms-win-core-profile-l1-1-0.dll
0x00000165ffe60000 - 0x00000165ffe63000 	C:\Program Files\Java\jdk-9.0.1\bin\api-ms-win-core-rtlsupport-l1-1-0.dll
0x00000165ffe70000 - 0x00000165ffe73000 	C:\Program Files\Java\jdk-9.0.1\bin\api-ms-win-core-string-l1-1-0.dll
0x00000165ffe80000 - 0x00000165ffe83000 	C:\Program Files\Java\jdk-9.0.1\bin\api-ms-win-core-synch-l1-1-0.dll
0x00000165ffe90000 - 0x00000165ffe93000 	C:\Program Files\Java\jdk-9.0.1\bin\api-ms-win-core-synch-l1-2-0.dll
0x00000165ffea0000 - 0x00000165ffea3000 	C:\Program Files\Java\jdk-9.0.1\bin\api-ms-win-core-sysinfo-l1-1-0.dll
0x00000165ffeb0000 - 0x00000165ffeb3000 	C:\Program Files\Java\jdk-9.0.1\bin\api-ms-win-core-timezone-l1-1-0.dll
0x00000165ffec0000 - 0x00000165ffec3000 	C:\Program Files\Java\jdk-9.0.1\bin\api-ms-win-core-util-l1-1-0.dll
0x00000165ffed0000 - 0x00000165ffed3000 	C:\Program Files\Java\jdk-9.0.1\bin\api-ms-win-crt-conio-l1-1-0.dll
0x00000165ffee0000 - 0x00000165ffee4000 	C:\Program Files\Java\jdk-9.0.1\bin\api-ms-win-crt-convert-l1-1-0.dll
0x00000165ffef0000 - 0x00000165ffef3000 	C:\Program Files\Java\jdk-9.0.1\bin\api-ms-win-crt-environment-l1-1-0.dll
0x00000165fff00000 - 0x00000165fff03000 	C:\Program Files\Java\jdk-9.0.1\bin\api-ms-win-crt-filesystem-l1-1-0.dll
0x00000165fff10000 - 0x00000165fff13000 	C:\Program Files\Java\jdk-9.0.1\bin\api-ms-win-crt-heap-l1-1-0.dll
0x00000165fff20000 - 0x00000165fff23000 	C:\Program Files\Java\jdk-9.0.1\bin\api-ms-win-crt-locale-l1-1-0.dll
0x00000165fff30000 - 0x00000165fff35000 	C:\Program Files\Java\jdk-9.0.1\bin\api-ms-win-crt-math-l1-1-0.dll
0x00000165fff40000 - 0x00000165fff45000 	C:\Program Files\Java\jdk-9.0.1\bin\api-ms-win-crt-multibyte-l1-1-0.dll
0x00000165fff50000 - 0x00000165fff60000 	C:\Program Files\Java\jdk-9.0.1\bin\api-ms-win-crt-private-l1-1-0.dll
0x00000165fff60000 - 0x00000165fff63000 	C:\Program Files\Java\jdk-9.0.1\bin\api-ms-win-crt-process-l1-1-0.dll
0x00000165fff70000 - 0x00000165fff74000 	C:\Program Files\Java\jdk-9.0.1\bin\api-ms-win-crt-runtime-l1-1-0.dll
0x00000165fff80000 - 0x00000165fff84000 	C:\Program Files\Java\jdk-9.0.1\bin\api-ms-win-crt-stdio-l1-1-0.dll
0x00000165fff90000 - 0x00000165fff94000 	C:\Program Files\Java\jdk-9.0.1\bin\api-ms-win-crt-string-l1-1-0.dll
0x00000165fffa0000 - 0x00000165fffa3000 	C:\Program Files\Java\jdk-9.0.1\bin\api-ms-win-crt-time-l1-1-0.dll
0x00000165fffb0000 - 0x00000165fffb3000 	C:\Program Files\Java\jdk-9.0.1\bin\api-ms-win-crt-utility-l1-1-0.dll
0x00007ffa895c0000 - 0x00007ffa896b6000 	C:\Program Files\Java\jdk-9.0.1\bin\ucrtbase.dll
0x00007ffa90f40000 - 0x00007ffa90f56000 	C:\Program Files\Java\jdk-9.0.1\bin\vcruntime140.dll
0x00007ffa826f0000 - 0x00007ffa8278c000 	C:\Program Files\Java\jdk-9.0.1\bin\msvcp140.dll
0x00007ffa89f10000 - 0x00007ffa89f61000 	C:\Program Files\Java\jdk-9.0.1\bin\concrt140.dll
0x00007ffa89590000 - 0x00007ffa895b3000 	C:\Program Files\Java\jdk-9.0.1\bin\prism_d3d.dll
0x00007ffa819b0000 - 0x00007ffa81b45000 	C:\WINDOWS\system32\d3d9.dll
0x00007ffaae620000 - 0x00007ffaae64a000 	C:\WINDOWS\SYSTEM32\dwmapi.dll
0x00007ffaae4e0000 - 0x00007ffaae575000 	C:\WINDOWS\system32\uxtheme.dll
0x00007ffab3890000 - 0x00007ffab39d9000 	C:\WINDOWS\System32\ole32.dll
0x00007ffab1290000 - 0x00007ffab1355000 	C:\WINDOWS\System32\OLEAUT32.dll
0x00007ffa87e90000 - 0x00007ffa87eda000 	C:\Program Files\Java\jdk-9.0.1\bin\glass.dll
0x00007ffab3050000 - 0x00007ffab315a000 	C:\WINDOWS\System32\COMDLG32.dll
0x00007ffab1570000 - 0x00007ffab16d7000 	C:\WINDOWS\System32\MSCTF.dll
0x00007ffaaf370000 - 0x00007ffaaf426000 	C:\WINDOWS\SYSTEM32\DNSAPI.dll
0x00007ffab2bf0000 - 0x00007ffab2bf8000 	C:\WINDOWS\System32\NSI.dll
0x00007ffaaf320000 - 0x00007ffaaf359000 	C:\WINDOWS\SYSTEM32\IPHLPAPI.DLL
0x00007ffaa67b0000 - 0x00007ffaa67ba000 	C:\Windows\System32\rasadhlp.dll
0x00007ffaa2830000 - 0x00007ffaa28a0000 	C:\WINDOWS\System32\fwpuclnt.dll
0x00007ffaaf860000 - 0x00007ffaaf885000 	C:\WINDOWS\SYSTEM32\bcrypt.dll
0x00007ffaa6120000 - 0x00007ffaa6136000 	C:\WINDOWS\SYSTEM32\dhcpcsvc6.DLL
0x00007ffaa6180000 - 0x00007ffaa619a000 	C:\WINDOWS\SYSTEM32\dhcpcsvc.DLL
0x00007ffaa7110000 - 0x00007ffaa7126000 	C:\WINDOWS\system32\napinsp.dll
0x00007ffaa5000000 - 0x00007ffaa501a000 	C:\WINDOWS\system32\pnrpnsp.dll
0x00007ffaa5fe0000 - 0x00007ffaa5ff8000 	C:\WINDOWS\system32\NLAapi.dll
0x00007ffaa8940000 - 0x00007ffaa894e000 	C:\WINDOWS\System32\winrnr.dll
0x00007ffa958e0000 - 0x00007ffa958f5000 	C:\WINDOWS\System32\wshbth.dll
0x00007ffa89ef0000 - 0x00007ffa89f04000 	C:\Program Files\Java\jdk-9.0.1\bin\javafx_font.dll
0x00007ffa80600000 - 0x00007ffa80799000 	C:\Program Files\Java\jdk-9.0.1\bin\awt.dll
0x00007ffaacfb0000 - 0x00007ffaad568000 	C:\WINDOWS\SYSTEM32\d2d1.dll
0x00007ffab0350000 - 0x00007ffab051e000 	C:\WINDOWS\System32\CRYPT32.dll
0x00007ffaafd60000 - 0x00007ffaafd72000 	C:\WINDOWS\System32\MSASN1.dll
0x00007ffaade90000 - 0x00007ffaadf18000 	C:\WINDOWS\SYSTEM32\apphelp.dll
0x00007ffa82650000 - 0x00007ffa826ed000 	C:\Program Files\Java\jdk-9.0.1\bin\fontmanager.dll
0x00007ffa8e010000 - 0x00007ffa8e31f000 	C:\WINDOWS\SYSTEM32\dwrite.dll
0x00007ffab11f0000 - 0x00007ffab128e000 	C:\WINDOWS\System32\clbcatq.dll
0x00007ffaae0a0000 - 0x00007ffaae24b000 	C:\WINDOWS\SYSTEM32\WindowsCodecs.dll
0x00007ffaa4b60000 - 0x00007ffaa4baf000 	C:\WINDOWS\system32\dataexchange.dll
0x00007ffaad720000 - 0x00007ffaada01000 	C:\WINDOWS\system32\d3d11.dll
0x00007ffaaca20000 - 0x00007ffaacb62000 	C:\WINDOWS\system32\dcomp.dll
0x00007ffaaebd0000 - 0x00007ffaaec7f000 	C:\WINDOWS\system32\dxgi.dll
0x00007ffaac270000 - 0x00007ffaac3eb000 	C:\WINDOWS\system32\twinapi.appcore.dll
0x00007ffaad5c0000 - 0x00007ffaad5e0000 	C:\WINDOWS\system32\RMCLIENT.dll
0x00007ffa86c60000 - 0x00007ffa86c94000 	C:\Program Files\Common Files\Microsoft Shared\Ink\rtscom.dll

VM Arguments:
jvm_args: -javaagent:E:\IntelliJ IDEA 2017.2.5\lib\idea_rt.jar=59638:E:\IntelliJ IDEA 2017.2.5\bin -Dfile.encoding=UTF-8 
java_command: sample.Main
java_class_path (initial): E:\MAP\LabMAP_GUI_Full - Copy (2)\out\production\LabMAP_GUI;E:\IntelliJ IDEA 2017.2.5\lib\junit-4.12.jar;E:\IntelliJ IDEA 2017.2.5\lib\hamcrest-core-1.3.jar;E:\MAP\itext7-7.1.0\itext5-itextpdf-5.5.12.jar;E:\MAP\itext7-7.1.0\itext5-xmlworker-5.5.12.jar;E:\MAP\itext7-7.1.0\itext5-itext-pdfa-5.5.12.jar;E:\MAP\itext7-7.1.0\itext5-itext-xtra-5.5.12.jar;E:\MAP\itext7-7.1.0\itext5-itextpdf-5.5.12-javadoc.jar;E:\MAP\itext7-7.1.0\itext5-itextpdf-5.5.12-sources.jar;E:\MAP\itext7-7.1.0\itext5-xmlworker-5.5.12-javadoc.jar;E:\MAP\itext7-7.1.0\itext5-xmlworker-5.5.12-sources.jar;E:\MAP\itext7-7.1.0\itext5-itext-pdfa-5.5.12-javadoc.jar;E:\MAP\itext7-7.1.0\itext5-itext-pdfa-5.5.12-sources.jar;E:\MAP\itext7-7.1.0\itext5-itext-xtra-5.5.12-javadoc.jar;E:\MAP\itext7-7.1.0\itext5-itext-xtra-5.5.12-sources.jar;C:\Users\Adrian\.IntelliJIdea2017.2\config\jdbc-drivers\jTDS (SQL Server and Sybase)\1.3.1.1\jtds-1.3.1.jar
Launcher Type: SUN_STANDARD

Logging:
Log output configuration:
#0: stdout all=warning uptime,level,tags
#1: stderr all=off uptime,level,tags

Environment Variables:
PATH=C:\Program Files\Microsoft MPI\Bin\;C:\ProgramData\Oracle\Java\javapath;C:\Windows\system32;C:\Windows;C:\Windows\System32\Wbem;C:\Windows\System32\WindowsPowerShell\v1.0\;C:\Program Files (x86)\Microsoft SQL Server\Client SDK\ODBC\130\Tools\Binn\;C:\Program Files (x86)\Microsoft SQL Server\140\Tools\Binn\;C:\Program Files (x86)\Microsoft SQL Server\140\DTS\Binn\;C:\Program Files (x86)\Microsoft SQL Server\140\Tools\Binn\ManagementStudio\;C:\Program Files (x86)\Microsoft SQL Server\130\Tools\Binn\;C:\Program Files\Microsoft SQL Server\130\Tools\Binn\;C:\Program Files (x86)\Microsoft SQL Server\130\DTS\Binn\;C:\Program Files\Microsoft SQL Server\130\DTS\Binn\;C:\Program Files\Microsoft SQL Server\Client SDK\ODBC\130\Tools\Binn\;E:\Matlab\runtime\win64;E:\Matlab\bin;E:\Matlab\polyspace\bin;C:\Program Files (x86)\NVIDIA Corporation\PhysX\Common;C:\WINDOWS\system32\config\systemprofile\.dnx\bin;C:\Program Files\Microsoft DNX\Dnvm\;C:\WINDOWS\system32;C:\WINDOWS;C:\WINDOWS\System32\Wbem;C:\WINDOWS\System32\WindowsPowerShell\v1.0\;C:\Users\Adrian\AppData\Local\Microsoft\WindowsApps;;E:\LISP\clisp-2.49
USERNAME=Adrian
OS=Windows_NT
PROCESSOR_IDENTIFIER=Intel64 Family 6 Model 158 Stepping 9, GenuineIntel



---------------  S Y S T E M  ---------------

OS: Windows 10 , 64 bit Build 16299 (10.0.16299.15)

CPU:total 8 (initial active 8) (4 cores per cpu, 2 threads per core) family 6 model 158 stepping 9, cmov, cx8, fxsr, mmx, sse, sse2, sse3, ssse3, sse4.1, sse4.2, popcnt, avx, avx2, aes, clmul, erms, 3dnowpref, lzcnt, ht, tsc, tscinvbit, bmi1, bmi2, adx, fma

Memory: 4k page, physical 8260772k(4020080k free), swap 10226852k(5201976k free)

vm_info: Java HotSpot(TM) 64-Bit Server VM (9.0.1+11) for windows-amd64 JRE (9.0.1+11), built on Sep 28 2017 04:54:03 by "mach5one" with MS VC++ 12.0 (VS2013)

END.
